[debug] [2024-05-19T19:23:05.615Z] ----------------------------------------------------------------------
[debug] [2024-05-19T19:23:05.617Z] Command:       C:\Program Files\nodejs\node.exe C:\Program Files\nodejs\node_modules\firebase-tools\lib\bin\firebase.js init
[debug] [2024-05-19T19:23:05.617Z] CLI Version:   13.9.0
[debug] [2024-05-19T19:23:05.617Z] Platform:      win32
[debug] [2024-05-19T19:23:05.617Z] Node Version:  v18.17.0
[debug] [2024-05-19T19:23:05.618Z] Time:          Mon May 20 2024 00:53:05 GMT+0530 (India Standard Time)
[debug] [2024-05-19T19:23:05.618Z] ----------------------------------------------------------------------
[debug] 
[debug] [2024-05-19T19:23:05.624Z] > command requires scopes: ["email","openid","https://www.googleapis.com/auth/cloudplatformprojects.readonly","https://www.googleapis.com/auth/firebase","https://www.googleapis.com/auth/cloud-platform"]
[debug] [2024-05-19T19:23:05.624Z] > authorizing via signed-in user (pallavi9635@gmail.com)
[info] 
     ######## #### ########  ######## ########     ###     ######  ########
     ##        ##  ##     ## ##       ##     ##  ##   ##  ##       ##
     ######    ##  ########  ######   ########  #########  ######  ######
     ##        ##  ##    ##  ##       ##     ## ##     ##       ## ##
     ##       #### ##     ## ######## ########  ##     ##  ######  ########

You're about to initialize a Firebase project in this directory:

  C:\Drive2\node\takehomeassignment

Before we get started, keep in mind:

  * You are currently outside your home directory

